0 info it worked if it ends with ok
1 verbose cli [ 'node', '/usr/local/bin/npm', 'run-script', 'grunt' ]
2 info using npm@1.1.65
3 info using node@v0.8.14
4 verbose read json /Users/artur/workspace/btask/package.json
5 warn package.json btask@0.0.1 No README.md file found!
6 verbose run-script [ 'pregrunt', 'grunt', 'postgrunt' ]
7 info pregrunt btask@0.0.1
8 info grunt btask@0.0.1
9 verbose unsafe-perm in lifecycle true
10 silly exec sh "-c" "node_modules/.bin/grunt"
11 silly sh,-c,node_modules/.bin/grunt,/Users/artur/workspace/btask spawning
12 info btask@0.0.1 Failed to exec grunt script
13 error btask@0.0.1 grunt: `node_modules/.bin/grunt`
13 error `sh "-c" "node_modules/.bin/grunt"` failed with 127
14 error Failed at the btask@0.0.1 grunt script.
14 error This is most likely a problem with the btask package,
14 error not with npm itself.
14 error Tell the author that this fails on your system:
14 error     node_modules/.bin/grunt
14 error You can get their info via:
14 error     npm owner ls btask
14 error There is likely additional logging output above.
15 error System Darwin 12.3.0
16 error command "node" "/usr/local/bin/npm" "run-script" "grunt"
17 error cwd /Users/artur/workspace/btask
18 error node -v v0.8.14
19 error npm -v 1.1.65
20 error code ELIFECYCLE
21 verbose exit [ 1, true ]
